  dllmain.cpp
C:\Users\HP\Documents\FinalProject\FinalProject\HookingDll\dllmain.cpp(351,62): warning C4267: 'argument': conversion from 'size_t' to 'DWORD', possible loss of data
  (compiling source file '/dllmain.cpp')
  
C:\Users\HP\Documents\FinalProject\FinalProject\HookingDll\dllmain.cpp(358,55): warning C4267: 'argument': conversion from 'size_t' to 'DWORD', possible loss of data
  (compiling source file '/dllmain.cpp')
  
C:\Users\HP\Documents\FinalProject\FinalProject\HookingDll\dllmain.cpp(843,42): warning C4244: 'argument': conversion from 'SIZE_T' to 'DWORD', possible loss of data
  (compiling source file '/dllmain.cpp')
  
C:\Users\HP\Documents\FinalProject\FinalProject\HookingDll\dllmain.cpp(845,42): warning C4244: 'argument': conversion from 'SIZE_T' to 'DWORD', possible loss of data
  (compiling source file '/dllmain.cpp')
  
C:\Users\HP\Documents\FinalProject\FinalProject\HookingDll\dllmain.cpp(868,53): warning C4244: 'argument': conversion from 'SIZE_T' to 'DWORD', possible loss of data
  (compiling source file '/dllmain.cpp')
  
C:\Users\HP\Documents\FinalProject\FinalProject\HookingDll\dllmain.cpp(870,53): warning C4244: 'argument': conversion from 'SIZE_T' to 'DWORD', possible loss of data
  (compiling source file '/dllmain.cpp')
  
C:\Users\HP\Documents\FinalProject\FinalProject\HookingDll\dllmain.cpp(889,53): warning C4244: 'argument': conversion from 'SIZE_T' to 'DWORD', possible loss of data
  (compiling source file '/dllmain.cpp')
  
C:\Users\HP\Documents\FinalProject\FinalProject\HookingDll\dllmain.cpp(891,53): warning C4244: 'argument': conversion from 'SIZE_T' to 'DWORD', possible loss of data
  (compiling source file '/dllmain.cpp')
  
  Generating code
  158 of 454 functions (34.8%) were compiled, the rest were copied from previous compilation.
    10 functions were new in current compilation
    39 functions had inline decision re-evaluated but remain unchanged
  Finished generating code
  HookingDll.vcxproj -> C:\Users\HP\Documents\FinalProject\FinalProject\MonitoringApplication\x64\Release\HookingDll.dll
